[2017-07-13 19:50:27 INFO ] [main] context.support.ClassPathXmlApplicationContext - Refreshing org.springframework.context.support.ClassPathXmlApplicationContext@5e91993f: startup date [Thu Jul 13 19:50:27 CST 2017]; root of context hierarchy
[2017-07-13 19:50:27 INFO ] [main] factory.xml.XmlBeanDefinitionReader - Loading XML bean definitions from class path resource [applicationContext-testnet.xml]
[2017-07-13 19:50:27 INFO ] [main] factory.xml.XmlBeanDefinitionReader - Loading XML bean definitions from class path resource [applicationContext.xml]
[2017-07-13 19:50:28 WARN ] [main] context.support.ClassPathXmlApplicationContext - Exception encountered during context initialization - cancelling refresh attempt: org.springframework.beans.factory.UnsatisfiedDependencyException: Error creating bean with name 'network': Unsatisfied dependency expressed through field 'blockStoreProvider'; nested exception is org.springframework.beans.factory.BeanCreationException: Error creating bean with name 'blockStoreProvider' defined in file [D:\src\inchain\inchain-core\target\classes\org\inchain\store\BlockStoreProvider.class]: Instantiation of bean failed; nested exception is org.springframework.beans.BeanInstantiationException: Failed to instantiate [org.inchain.store.BlockStoreProvider]: Constructor threw exception; nested exception is java.lang.RuntimeException: Can not open DB
[2017-07-13 19:51:54 INFO ] [main] context.support.ClassPathXmlApplicationContext - Refreshing org.springframework.context.support.ClassPathXmlApplicationContext@5e91993f: startup date [Thu Jul 13 19:51:54 CST 2017]; root of context hierarchy
[2017-07-13 19:51:54 INFO ] [main] factory.xml.XmlBeanDefinitionReader - Loading XML bean definitions from class path resource [applicationContext-testnet.xml]
[2017-07-13 19:51:54 INFO ] [main] factory.xml.XmlBeanDefinitionReader - Loading XML bean definitions from class path resource [applicationContext.xml]
[2017-07-13 19:51:56 INFO ] [main] inchain.net.NioClientManager - Server Started on port 8222
[2017-07-13 19:51:56 INFO ] [ConsensusPoolCacher init] inchain.consensus.ConsensusPoolCacher - 加载已有的3个共识
[2017-07-13 19:51:56 INFO ] [main] context.support.ClassPathXmlApplicationContext - Closing org.springframework.context.support.ClassPathXmlApplicationContext@5e91993f: startup date [Thu Jul 13 19:51:54 CST 2017]; root of context hierarchy
[2017-07-13 20:17:25 INFO ] [main] context.support.DefaultTestContextBootstrapper - Could not instantiate TestExecutionListener [org.springframework.test.context.web.ServletTestExecutionListener]. Specify custom listener classes or make the default listener classes (and their required dependencies) available. Offending class: [javax/servlet/ServletContext]
[2017-07-13 20:17:25 INFO ] [main] context.support.DefaultTestContextBootstrapper - Using TestExecutionListeners: [org.springframework.test.context.support.DirtiesContextBeforeModesTestExecutionListener@7ac7a4e4, org.springframework.test.context.support.DependencyInjectionTestExecutionListener@6d78f375, org.springframework.test.context.support.DirtiesContextTestExecutionListener@50c87b21]
[2017-07-13 20:17:25 INFO ] [main] factory.xml.XmlBeanDefinitionReader - Loading XML bean definitions from URL [file:/D:/src/inchain/inchain-core/target/test-classes/applicationContext-testnet.xml]
[2017-07-13 20:17:25 INFO ] [main] factory.xml.XmlBeanDefinitionReader - Loading XML bean definitions from URL [file:/D:/src/inchain/inchain-core/target/test-classes/applicationContext.xml]
[2017-07-13 20:17:26 INFO ] [main] context.support.GenericApplicationContext - Refreshing org.springframework.context.support.GenericApplicationContext@e45f292: startup date [Thu Jul 13 20:17:26 CST 2017]; root of context hierarchy
[2017-07-13 20:17:27 INFO ] [main] inchain.net.NioClientManager - Server Started on port 8222
[2017-07-13 20:17:27 INFO ] [ConsensusPoolCacher init] inchain.consensus.ConsensusPoolCacher - 加载已有的3个共识
[2017-07-13 20:17:27 INFO ] [peer discovery service] inchain.network.PeerDiscoveryService - 节点发现服务初始化成功，加载节点3个
[2017-07-13 20:17:27 WARN ] [main] inchain.message.Block - the merkle hash is error b1c2936d7aa7059657ae8cb734e9de17caf595dc9e6f05979e4045bfb71461dc  !=  c7425886ae2cd832d4cb8954b38c56195eddfe6b48551a536f99c6abb59cdc99   blcok:Block [hash=70d11ef4edbf5927aa64c261d251709410d3b0572672fb6780eeeb30f431bbec, preHash=0000000000000000000000000000000000000000000000000000000000000000, merkleHash=b1c2936d7aa7059657ae8cb734e9de17caf595dc9e6f05979e4045bfb71461dc, time=1499688821, height=0, txCount=21, periodCount=0, timePeriod=0, periodStartPoint=1499688821]
org.inchain.core.exception.VerificationException: the merkle hash is error b1c2936d7aa7059657ae8cb734e9de17caf595dc9e6f05979e4045bfb71461dc  !=  c7425886ae2cd832d4cb8954b38c56195eddfe6b48551a536f99c6abb59cdc99   blcok:Block [hash=70d11ef4edbf5927aa64c261d251709410d3b0572672fb6780eeeb30f431bbec, preHash=0000000000000000000000000000000000000000000000000000000000000000, merkleHash=b1c2936d7aa7059657ae8cb734e9de17caf595dc9e6f05979e4045bfb71461dc, time=1499688821, height=0, txCount=21, periodCount=0, timePeriod=0, periodStartPoint=1499688821]
	at org.inchain.utils.Utils.checkState(Utils.java:328)
	at org.inchain.message.Block.buildMerkleHash(Block.java:109)
	at org.inchain.network.TestNetworkParams.getGengsisBlock(TestNetworkParams.java:57)
	at org.inchain.kits.AppKit.checkGenesisBlock(AppKit.java:209)
	at org.inchain.kits.AppKit.initBlock(AppKit.java:185)
	at org.inchain.kits.AppKit.start(AppKit.java:89)
	at org.inchain.transaction.CertAccountRegisterTransactionTest.init(CertAccountRegisterTransactionTest.java:44)
	at sun.reflect.NativeMethodAccessorImpl.invoke0(Native Method)
	at sun.reflect.NativeMethodAccessorImpl.invoke(NativeMethodAccessorImpl.java:62)
	at sun.reflect.DelegatingMethodAccessorImpl.invoke(DelegatingMethodAccessorImpl.java:43)
	at java.lang.reflect.Method.invoke(Method.java:498)
	at org.springframework.beans.factory.annotation.InitDestroyAnnotationBeanPostProcessor$LifecycleElement.invoke(InitDestroyAnnotationBeanPostProcessor.java:366)
	at org.springframework.beans.factory.annotation.InitDestroyAnnotationBeanPostProcessor$LifecycleMetadata.invokeInitMethods(InitDestroyAnnotationBeanPostProcessor.java:311)
	at org.springframework.beans.factory.annotation.InitDestroyAnnotationBeanPostProcessor.postProcessBeforeInitialization(InitDestroyAnnotationBeanPostProcessor.java:134)
	at org.springframework.beans.factory.support.AbstractAutowireCapableBeanFactory.applyBeanPostProcessorsBeforeInitialization(AbstractAutowireCapableBeanFactory.java:408)
	at org.springframework.beans.factory.support.AbstractAutowireCapableBeanFactory.initializeBean(AbstractAutowireCapableBeanFactory.java:1575)
	at org.springframework.beans.factory.support.AbstractAutowireCapableBeanFactory.initializeBean(AbstractAutowireCapableBeanFactory.java:399)
	at org.springframework.test.context.support.DependencyInjectionTestExecutionListener.injectDependencies(DependencyInjectionTestExecutionListener.java:119)
	at org.springframework.test.context.support.DependencyInjectionTestExecutionListener.prepareTestInstance(DependencyInjectionTestExecutionListener.java:83)
	at org.springframework.test.context.TestContextManager.prepareTestInstance(TestContextManager.java:230)
	at org.springframework.test.context.junit4.SpringJUnit4ClassRunner.createTest(SpringJUnit4ClassRunner.java:228)
	at org.springframework.test.context.junit4.SpringJUnit4ClassRunner$1.runReflectiveCall(SpringJUnit4ClassRunner.java:287)
	at org.junit.internal.runners.model.ReflectiveCallable.run(ReflectiveCallable.java:12)
	at org.springframework.test.context.junit4.SpringJUnit4ClassRunner.methodBlock(SpringJUnit4ClassRunner.java:289)
	at org.springframework.test.context.junit4.SpringJUnit4ClassRunner.runChild(SpringJUnit4ClassRunner.java:247)
	at org.springframework.test.context.junit4.SpringJUnit4ClassRunner.runChild(SpringJUnit4ClassRunner.java:94)
	at org.junit.runners.ParentRunner$3.run(ParentRunner.java:290)
	at org.junit.runners.ParentRunner$1.schedule(ParentRunner.java:71)
	at org.junit.runners.ParentRunner.runChildren(ParentRunner.java:288)
	at org.junit.runners.ParentRunner.access$000(ParentRunner.java:58)
	at org.junit.runners.ParentRunner$2.evaluate(ParentRunner.java:268)
	at org.springframework.test.context.junit4.statements.RunBeforeTestClassCallbacks.evaluate(RunBeforeTestClassCallbacks.java:61)
	at org.springframework.test.context.junit4.statements.RunAfterTestClassCallbacks.evaluate(RunAfterTestClassCallbacks.java:70)
	at org.junit.runners.ParentRunner.run(ParentRunner.java:363)
	at org.springframework.test.context.junit4.SpringJUnit4ClassRunner.run(SpringJUnit4ClassRunner.java:191)
	at org.junit.runner.JUnitCore.run(JUnitCore.java:137)
	at com.intellij.junit4.JUnit4IdeaTestRunner.startRunnerWithArgs(JUnit4IdeaTestRunner.java:68)
	at com.intellij.rt.execution.junit.IdeaTestRunner$Repeater.startRunnerWithArgs(IdeaTestRunner.java:51)
	at com.intellij.rt.execution.junit.JUnitStarter.prepareStreamsAndStart(JUnitStarter.java:242)
	at com.intellij.rt.execution.junit.JUnitStarter.main(JUnitStarter.java:70)
[2017-07-13 20:17:27 ERROR] [main] test.context.TestContextManager - Caught exception while allowing TestExecutionListener [org.springframework.test.context.support.DependencyInjectionTestExecutionListener@6d78f375] to prepare test instance [org.inchain.transaction.CertAccountRegisterTransactionTest@387a8303]
org.springframework.beans.factory.BeanCreationException: Error creating bean with name 'org.inchain.transaction.CertAccountRegisterTransactionTest': Invocation of init method failed; nested exception is org.inchain.core.exception.VerificationException: the merkle hash is error b1c2936d7aa7059657ae8cb734e9de17caf595dc9e6f05979e4045bfb71461dc  !=  c7425886ae2cd832d4cb8954b38c56195eddfe6b48551a536f99c6abb59cdc99   blcok:Block [hash=70d11ef4edbf5927aa64c261d251709410d3b0572672fb6780eeeb30f431bbec, preHash=0000000000000000000000000000000000000000000000000000000000000000, merkleHash=b1c2936d7aa7059657ae8cb734e9de17caf595dc9e6f05979e4045bfb71461dc, time=1499688821, height=0, txCount=21, periodCount=0, timePeriod=0, periodStartPoint=1499688821]
	at org.springframework.beans.factory.annotation.InitDestroyAnnotationBeanPostProcessor.postProcessBeforeInitialization(InitDestroyAnnotationBeanPostProcessor.java:137)
	at org.springframework.beans.factory.support.AbstractAutowireCapableBeanFactory.applyBeanPostProcessorsBeforeInitialization(AbstractAutowireCapableBeanFactory.java:408)
	at org.springframework.beans.factory.support.AbstractAutowireCapableBeanFactory.initializeBean(AbstractAutowireCapableBeanFactory.java:1575)
	at org.springframework.beans.factory.support.AbstractAutowireCapableBeanFactory.initializeBean(AbstractAutowireCapableBeanFactory.java:399)
	at org.springframework.test.context.support.DependencyInjectionTestExecutionListener.injectDependencies(DependencyInjectionTestExecutionListener.java:119)
	at org.springframework.test.context.support.DependencyInjectionTestExecutionListener.prepareTestInstance(DependencyInjectionTestExecutionListener.java:83)
	at org.springframework.test.context.TestContextManager.prepareTestInstance(TestContextManager.java:230)
	at org.springframework.test.context.junit4.SpringJUnit4ClassRunner.createTest(SpringJUnit4ClassRunner.java:228)
	at org.springframework.test.context.junit4.SpringJUnit4ClassRunner$1.runReflectiveCall(SpringJUnit4ClassRunner.java:287)
	at org.junit.internal.runners.model.ReflectiveCallable.run(ReflectiveCallable.java:12)
	at org.springframework.test.context.junit4.SpringJUnit4ClassRunner.methodBlock(SpringJUnit4ClassRunner.java:289)
	at org.springframework.test.context.junit4.SpringJUnit4ClassRunner.runChild(SpringJUnit4ClassRunner.java:247)
	at org.springframework.test.context.junit4.SpringJUnit4ClassRunner.runChild(SpringJUnit4ClassRunner.java:94)
	at org.junit.runners.ParentRunner$3.run(ParentRunner.java:290)
	at org.junit.runners.ParentRunner$1.schedule(ParentRunner.java:71)
	at org.junit.runners.ParentRunner.runChildren(ParentRunner.java:288)
	at org.junit.runners.ParentRunner.access$000(ParentRunner.java:58)
	at org.junit.runners.ParentRunner$2.evaluate(ParentRunner.java:268)
	at org.springframework.test.context.junit4.statements.RunBeforeTestClassCallbacks.evaluate(RunBeforeTestClassCallbacks.java:61)
	at org.springframework.test.context.junit4.statements.RunAfterTestClassCallbacks.evaluate(RunAfterTestClassCallbacks.java:70)
	at org.junit.runners.ParentRunner.run(ParentRunner.java:363)
	at org.springframework.test.context.junit4.SpringJUnit4ClassRunner.run(SpringJUnit4ClassRunner.java:191)
	at org.junit.runner.JUnitCore.run(JUnitCore.java:137)
	at com.intellij.junit4.JUnit4IdeaTestRunner.startRunnerWithArgs(JUnit4IdeaTestRunner.java:68)
	at com.intellij.rt.execution.junit.IdeaTestRunner$Repeater.startRunnerWithArgs(IdeaTestRunner.java:51)
	at com.intellij.rt.execution.junit.JUnitStarter.prepareStreamsAndStart(JUnitStarter.java:242)
	at com.intellij.rt.execution.junit.JUnitStarter.main(JUnitStarter.java:70)
Caused by: org.inchain.core.exception.VerificationException: the merkle hash is error b1c2936d7aa7059657ae8cb734e9de17caf595dc9e6f05979e4045bfb71461dc  !=  c7425886ae2cd832d4cb8954b38c56195eddfe6b48551a536f99c6abb59cdc99   blcok:Block [hash=70d11ef4edbf5927aa64c261d251709410d3b0572672fb6780eeeb30f431bbec, preHash=0000000000000000000000000000000000000000000000000000000000000000, merkleHash=b1c2936d7aa7059657ae8cb734e9de17caf595dc9e6f05979e4045bfb71461dc, time=1499688821, height=0, txCount=21, periodCount=0, timePeriod=0, periodStartPoint=1499688821]
	at org.inchain.utils.Utils.checkState(Utils.java:328)
	at org.inchain.message.Block.buildMerkleHash(Block.java:109)
	at org.inchain.network.TestNetworkParams.getGengsisBlock(TestNetworkParams.java:57)
	at org.inchain.kits.AppKit.checkGenesisBlock(AppKit.java:209)
	at org.inchain.kits.AppKit.initBlock(AppKit.java:185)
	at org.inchain.kits.AppKit.start(AppKit.java:89)
	at org.inchain.transaction.CertAccountRegisterTransactionTest.init(CertAccountRegisterTransactionTest.java:44)
	at sun.reflect.NativeMethodAccessorImpl.invoke0(Native Method)
	at sun.reflect.NativeMethodAccessorImpl.invoke(NativeMethodAccessorImpl.java:62)
	at sun.reflect.DelegatingMethodAccessorImpl.invoke(DelegatingMethodAccessorImpl.java:43)
	at java.lang.reflect.Method.invoke(Method.java:498)
	at org.springframework.beans.factory.annotation.InitDestroyAnnotationBeanPostProcessor$LifecycleElement.invoke(InitDestroyAnnotationBeanPostProcessor.java:366)
	at org.springframework.beans.factory.annotation.InitDestroyAnnotationBeanPostProcessor$LifecycleMetadata.invokeInitMethods(InitDestroyAnnotationBeanPostProcessor.java:311)
	at org.springframework.beans.factory.annotation.InitDestroyAnnotationBeanPostProcessor.postProcessBeforeInitialization(InitDestroyAnnotationBeanPostProcessor.java:134)
	... 26 more
[2017-07-13 20:17:27 INFO ] [Thread-5] context.support.GenericApplicationContext - Closing org.springframework.context.support.GenericApplicationContext@e45f292: startup date [Thu Jul 13 20:17:26 CST 2017]; root of context hierarchy
[2017-07-13 20:18:06 INFO ] [main] context.support.DefaultTestContextBootstrapper - Could not instantiate TestExecutionListener [org.springframework.test.context.web.ServletTestExecutionListener]. Specify custom listener classes or make the default listener classes (and their required dependencies) available. Offending class: [javax/servlet/ServletContext]
[2017-07-13 20:18:06 INFO ] [main] context.support.DefaultTestContextBootstrapper - Using TestExecutionListeners: [org.springframework.test.context.support.DirtiesContextBeforeModesTestExecutionListener@7ac7a4e4, org.springframework.test.context.support.DependencyInjectionTestExecutionListener@6d78f375, org.springframework.test.context.support.DirtiesContextTestExecutionListener@50c87b21]
[2017-07-13 20:18:06 INFO ] [main] factory.xml.XmlBeanDefinitionReader - Loading XML bean definitions from URL [file:/D:/src/inchain/inchain-core/target/test-classes/applicationContext-testnet.xml]
[2017-07-13 20:18:06 INFO ] [main] factory.xml.XmlBeanDefinitionReader - Loading XML bean definitions from URL [file:/D:/src/inchain/inchain-core/target/test-classes/applicationContext.xml]
[2017-07-13 20:18:06 INFO ] [main] context.support.GenericApplicationContext - Refreshing org.springframework.context.support.GenericApplicationContext@e45f292: startup date [Thu Jul 13 20:18:06 CST 2017]; root of context hierarchy
[2017-07-13 20:18:08 INFO ] [main] inchain.net.NioClientManager - Server Started on port 8222
[2017-07-13 20:18:08 INFO ] [ConsensusPoolCacher init] inchain.consensus.ConsensusPoolCacher - 加载已有的3个共识
[2017-07-13 20:18:09 ERROR] [credit collection service] inchain.message.DefaultMessageSerializer - 序列化消息出错：{}
java.lang.reflect.InvocationTargetException
	at sun.reflect.NativeConstructorAccessorImpl.newInstance0(Native Method)
	at sun.reflect.NativeConstructorAccessorImpl.newInstance(NativeConstructorAccessorImpl.java:62)
	at sun.reflect.DelegatingConstructorAccessorImpl.newInstance(DelegatingConstructorAccessorImpl.java:45)
	at java.lang.reflect.Constructor.newInstance(Constructor.java:423)
	at org.inchain.message.DefaultMessageSerializer.makeTransaction(DefaultMessageSerializer.java:209)
	at org.inchain.store.TransactionStore.parse(TransactionStore.java:55)
	at org.inchain.message.Message.<init>(Message.java:78)
	at org.inchain.store.Store.<init>(Store.java:25)
	at org.inchain.store.Store.<init>(Store.java:21)
	at org.inchain.store.TransactionStore.<init>(TransactionStore.java:29)
	at org.inchain.store.BlockStoreProvider.getTransaction(BlockStoreProvider.java:1048)
	at org.inchain.store.BlockStoreProvider.getBlockByHeader(BlockStoreProvider.java:1007)
	at org.inchain.store.BlockStoreProvider.getBlock(BlockStoreProvider.java:992)
	at org.inchain.service.impl.CreditCollectionServiceImpl.onload(CreditCollectionServiceImpl.java:164)
	at org.inchain.service.impl.CreditCollectionServiceImpl$1.run(CreditCollectionServiceImpl.java:56)
Caused by: org.inchain.core.exception.ScriptException: Push of data element that is larger than remaining data
	at org.inchain.script.Script.parse(Script.java:247)
	at org.inchain.script.Script.<init>(Script.java:152)
	at org.inchain.transaction.business.BaseCommonlyTransaction.parse(BaseCommonlyTransaction.java:69)
	at org.inchain.transaction.business.AntifakeCodeMakeTransaction.parse(AntifakeCodeMakeTransaction.java:70)
	at org.inchain.message.Message.<init>(Message.java:78)
	at org.inchain.message.Message.<init>(Message.java:67)
	at org.inchain.message.Message.<init>(Message.java:63)
	at org.inchain.transaction.Transaction.<init>(Transaction.java:95)
	at org.inchain.transaction.business.BaseCommonlyTransaction.<init>(BaseCommonlyTransaction.java:43)
	at org.inchain.transaction.business.AntifakeCodeMakeTransaction.<init>(AntifakeCodeMakeTransaction.java:65)
	... 15 more
[2017-07-13 20:18:18 ERROR] [main] inchain.message.DefaultMessageSerializer - 序列化消息出错：{}
java.lang.reflect.InvocationTargetException
	at sun.reflect.NativeConstructorAccessorImpl.newInstance0(Native Method)
	at sun.reflect.NativeConstructorAccessorImpl.newInstance(NativeConstructorAccessorImpl.java:62)
	at sun.reflect.DelegatingConstructorAccessorImpl.newInstance(DelegatingConstructorAccessorImpl.java:45)
	at java.lang.reflect.Constructor.newInstance(Constructor.java:423)
	at org.inchain.message.DefaultMessageSerializer.makeTransaction(DefaultMessageSerializer.java:209)
	at org.inchain.store.TransactionStore.parse(TransactionStore.java:55)
	at org.inchain.message.Message.<init>(Message.java:78)
	at org.inchain.store.Store.<init>(Store.java:25)
	at org.inchain.store.Store.<init>(Store.java:21)
	at org.inchain.store.TransactionStore.<init>(TransactionStore.java:29)
	at org.inchain.store.TransactionStoreProvider.init(TransactionStoreProvider.java:90)
	at org.inchain.kits.AccountKit.loadAccount(AccountKit.java:2712)
	at org.inchain.transaction.CertAccountRegisterTransactionTest.registerTest(CertAccountRegisterTransactionTest.java:51)
	at sun.reflect.NativeMethodAccessorImpl.invoke0(Native Method)
	at sun.reflect.NativeMethodAccessorImpl.invoke(NativeMethodAccessorImpl.java:62)
	at sun.reflect.DelegatingMethodAccessorImpl.invoke(DelegatingMethodAccessorImpl.java:43)
	at java.lang.reflect.Method.invoke(Method.java:498)
	at org.junit.runners.model.FrameworkMethod$1.runReflectiveCall(FrameworkMethod.java:50)
	at org.junit.internal.runners.model.ReflectiveCallable.run(ReflectiveCallable.java:12)
	at org.junit.runners.model.FrameworkMethod.invokeExplosively(FrameworkMethod.java:47)
	at org.junit.internal.runners.statements.InvokeMethod.evaluate(InvokeMethod.java:17)
	at org.junit.internal.runners.statements.RunBefores.evaluate(RunBefores.java:26)
	at org.springframework.test.context.junit4.statements.RunBeforeTestMethodCallbacks.evaluate(RunBeforeTestMethodCallbacks.java:75)
	at org.springframework.test.context.junit4.statements.RunAfterTestMethodCallbacks.evaluate(RunAfterTestMethodCallbacks.java:86)
	at org.springframework.test.context.junit4.statements.SpringRepeat.evaluate(SpringRepeat.java:84)
	at org.junit.runners.ParentRunner.runLeaf(ParentRunner.java:325)
	at org.springframework.test.context.junit4.SpringJUnit4ClassRunner.runChild(SpringJUnit4ClassRunner.java:252)
	at org.springframework.test.context.junit4.SpringJUnit4ClassRunner.runChild(SpringJUnit4ClassRunner.java:94)
	at org.junit.runners.ParentRunner$3.run(ParentRunner.java:290)
	at org.junit.runners.ParentRunner$1.schedule(ParentRunner.java:71)
	at org.junit.runners.ParentRunner.runChildren(ParentRunner.java:288)
	at org.junit.runners.ParentRunner.access$000(ParentRunner.java:58)
	at org.junit.runners.ParentRunner$2.evaluate(ParentRunner.java:268)
	at org.springframework.test.context.junit4.statements.RunBeforeTestClassCallbacks.evaluate(RunBeforeTestClassCallbacks.java:61)
	at org.springframework.test.context.junit4.statements.RunAfterTestClassCallbacks.evaluate(RunAfterTestClassCallbacks.java:70)
	at org.junit.runners.ParentRunner.run(ParentRunner.java:363)
	at org.springframework.test.context.junit4.SpringJUnit4ClassRunner.run(SpringJUnit4ClassRunner.java:191)
	at org.junit.runner.JUnitCore.run(JUnitCore.java:137)
	at com.intellij.junit4.JUnit4IdeaTestRunner.startRunnerWithArgs(JUnit4IdeaTestRunner.java:68)
	at com.intellij.rt.execution.junit.IdeaTestRunner$Repeater.startRunnerWithArgs(IdeaTestRunner.java:51)
	at com.intellij.rt.execution.junit.JUnitStarter.prepareStreamsAndStart(JUnitStarter.java:242)
	at com.intellij.rt.execution.junit.JUnitStarter.main(JUnitStarter.java:70)
Caused by: org.inchain.core.exception.ScriptException: Push of data element that is larger than remaining data
	at org.inchain.script.Script.parse(Script.java:247)
	at org.inchain.script.Script.<init>(Script.java:152)
	at org.inchain.transaction.business.BaseCommonlyTransaction.parse(BaseCommonlyTransaction.java:69)
	at org.inchain.transaction.business.AntifakeCodeMakeTransaction.parse(AntifakeCodeMakeTransaction.java:70)
	at org.inchain.message.Message.<init>(Message.java:78)
	at org.inchain.message.Message.<init>(Message.java:67)
	at org.inchain.message.Message.<init>(Message.java:63)
	at org.inchain.transaction.Transaction.<init>(Transaction.java:95)
	at org.inchain.transaction.business.BaseCommonlyTransaction.<init>(BaseCommonlyTransaction.java:43)
	at org.inchain.transaction.business.AntifakeCodeMakeTransaction.<init>(AntifakeCodeMakeTransaction.java:65)
	... 42 more
[2017-07-13 20:18:18 INFO ] [Thread-5] context.support.GenericApplicationContext - Closing org.springframework.context.support.GenericApplicationContext@e45f292: startup date [Thu Jul 13 20:18:06 CST 2017]; root of context hierarchy
[2017-07-13 20:18:58 INFO ] [main] context.support.DefaultTestContextBootstrapper - Could not instantiate TestExecutionListener [org.springframework.test.context.web.ServletTestExecutionListener]. Specify custom listener classes or make the default listener classes (and their required dependencies) available. Offending class: [javax/servlet/ServletContext]
[2017-07-13 20:18:58 INFO ] [main] context.support.DefaultTestContextBootstrapper - Using TestExecutionListeners: [org.springframework.test.context.support.DirtiesContextBeforeModesTestExecutionListener@6d8a00e3, org.springframework.test.context.support.DependencyInjectionTestExecutionListener@548b7f67, org.springframework.test.context.support.DirtiesContextTestExecutionListener@7ac7a4e4]
[2017-07-13 20:18:58 INFO ] [main] factory.xml.XmlBeanDefinitionReader - Loading XML bean definitions from URL [file:/D:/src/inchain/inchain-core/target/test-classes/applicationContext-testnet.xml]
[2017-07-13 20:18:58 INFO ] [main] factory.xml.XmlBeanDefinitionReader - Loading XML bean definitions from URL [file:/D:/src/inchain/inchain-core/target/test-classes/applicationContext.xml]
[2017-07-13 20:18:58 INFO ] [main] context.support.GenericApplicationContext - Refreshing org.springframework.context.support.GenericApplicationContext@5bcab519: startup date [Thu Jul 13 20:18:58 CST 2017]; root of context hierarchy
[2017-07-13 20:18:59 INFO ] [main] inchain.net.NioClientManager - Server Started on port 8222
[2017-07-13 20:18:59 INFO ] [ConsensusPoolCacher init] inchain.consensus.ConsensusPoolCacher - 加载已有的3个共识
[2017-07-13 20:19:00 ERROR] [main] inchain.message.DefaultMessageSerializer - 序列化消息出错：{}
java.lang.reflect.InvocationTargetException
	at sun.reflect.NativeConstructorAccessorImpl.newInstance0(Native Method)
	at sun.reflect.NativeConstructorAccessorImpl.newInstance(NativeConstructorAccessorImpl.java:62)
	at sun.reflect.DelegatingConstructorAccessorImpl.newInstance(DelegatingConstructorAccessorImpl.java:45)
	at java.lang.reflect.Constructor.newInstance(Constructor.java:423)
	at org.inchain.message.DefaultMessageSerializer.makeTransaction(DefaultMessageSerializer.java:209)
	at org.inchain.store.TransactionStore.parse(TransactionStore.java:55)
	at org.inchain.message.Message.<init>(Message.java:78)
	at org.inchain.store.Store.<init>(Store.java:25)
	at org.inchain.store.Store.<init>(Store.java:21)
	at org.inchain.store.TransactionStore.<init>(TransactionStore.java:29)
	at org.inchain.store.TransactionStoreProvider.init(TransactionStoreProvider.java:90)
	at org.inchain.kits.AccountKit.loadAccount(AccountKit.java:2712)
	at org.inchain.transaction.CertAccountRegisterTransactionTest.registerTest(CertAccountRegisterTransactionTest.java:51)
	at sun.reflect.NativeMethodAccessorImpl.invoke0(Native Method)
	at sun.reflect.NativeMethodAccessorImpl.invoke(NativeMethodAccessorImpl.java:62)
	at sun.reflect.DelegatingMethodAccessorImpl.invoke(DelegatingMethodAccessorImpl.java:43)
	at java.lang.reflect.Method.invoke(Method.java:498)
	at org.junit.runners.model.FrameworkMethod$1.runReflectiveCall(FrameworkMethod.java:50)
	at org.junit.internal.runners.model.ReflectiveCallable.run(ReflectiveCallable.java:12)
	at org.junit.runners.model.FrameworkMethod.invokeExplosively(FrameworkMethod.java:47)
	at org.junit.internal.runners.statements.InvokeMethod.evaluate(InvokeMethod.java:17)
	at org.springframework.test.context.junit4.statements.RunBeforeTestMethodCallbacks.evaluate(RunBeforeTestMethodCallbacks.java:75)
	at org.springframework.test.context.junit4.statements.RunAfterTestMethodCallbacks.evaluate(RunAfterTestMethodCallbacks.java:86)
	at org.springframework.test.context.junit4.statements.SpringRepeat.evaluate(SpringRepeat.java:84)
	at org.junit.runners.ParentRunner.runLeaf(ParentRunner.java:325)
	at org.springframework.test.context.junit4.SpringJUnit4ClassRunner.runChild(SpringJUnit4ClassRunner.java:252)
	at org.springframework.test.context.junit4.SpringJUnit4ClassRunner.runChild(SpringJUnit4ClassRunner.java:94)
	at org.junit.runners.ParentRunner$3.run(ParentRunner.java:290)
	at org.junit.runners.ParentRunner$1.schedule(ParentRunner.java:71)
	at org.junit.runners.ParentRunner.runChildren(ParentRunner.java:288)
	at org.junit.runners.ParentRunner.access$000(ParentRunner.java:58)
	at org.junit.runners.ParentRunner$2.evaluate(ParentRunner.java:268)
	at org.springframework.test.context.junit4.statements.RunBeforeTestClassCallbacks.evaluate(RunBeforeTestClassCallbacks.java:61)
	at org.springframework.test.context.junit4.statements.RunAfterTestClassCallbacks.evaluate(RunAfterTestClassCallbacks.java:70)
	at org.junit.runners.ParentRunner.run(ParentRunner.java:363)
	at org.springframework.test.context.junit4.SpringJUnit4ClassRunner.run(SpringJUnit4ClassRunner.java:191)
	at org.junit.runner.JUnitCore.run(JUnitCore.java:137)
	at com.intellij.junit4.JUnit4IdeaTestRunner.startRunnerWithArgs(JUnit4IdeaTestRunner.java:68)
	at com.intellij.rt.execution.junit.IdeaTestRunner$Repeater.startRunnerWithArgs(IdeaTestRunner.java:51)
	at com.intellij.rt.execution.junit.JUnitStarter.prepareStreamsAndStart(JUnitStarter.java:242)
	at com.intellij.rt.execution.junit.JUnitStarter.main(JUnitStarter.java:70)
Caused by: org.inchain.core.exception.ScriptException: Push of data element that is larger than remaining data
	at org.inchain.script.Script.parse(Script.java:247)
	at org.inchain.script.Script.<init>(Script.java:152)
	at org.inchain.transaction.business.BaseCommonlyTransaction.parse(BaseCommonlyTransaction.java:69)
	at org.inchain.transaction.business.AntifakeCodeMakeTransaction.parse(AntifakeCodeMakeTransaction.java:70)
	at org.inchain.message.Message.<init>(Message.java:78)
	at org.inchain.message.Message.<init>(Message.java:67)
	at org.inchain.message.Message.<init>(Message.java:63)
	at org.inchain.transaction.Transaction.<init>(Transaction.java:95)
	at org.inchain.transaction.business.BaseCommonlyTransaction.<init>(BaseCommonlyTransaction.java:43)
	at org.inchain.transaction.business.AntifakeCodeMakeTransaction.<init>(AntifakeCodeMakeTransaction.java:65)
	... 41 more
[2017-07-13 20:19:00 INFO ] [Thread-5] context.support.GenericApplicationContext - Closing org.springframework.context.support.GenericApplicationContext@5bcab519: startup date [Thu Jul 13 20:18:58 CST 2017]; root of context hierarchy
[2017-07-13 20:19:52 INFO ] [main] context.support.DefaultTestContextBootstrapper - Could not instantiate TestExecutionListener [org.springframework.test.context.web.ServletTestExecutionListener]. Specify custom listener classes or make the default listener classes (and their required dependencies) available. Offending class: [javax/servlet/ServletContext]
[2017-07-13 20:19:52 INFO ] [main] context.support.DefaultTestContextBootstrapper - Using TestExecutionListeners: [org.springframework.test.context.support.DirtiesContextBeforeModesTestExecutionListener@6d8a00e3, org.springframework.test.context.support.DependencyInjectionTestExecutionListener@548b7f67, org.springframework.test.context.support.DirtiesContextTestExecutionListener@7ac7a4e4]
[2017-07-13 20:19:52 INFO ] [main] factory.xml.XmlBeanDefinitionReader - Loading XML bean definitions from URL [file:/D:/src/inchain/inchain-core/target/test-classes/applicationContext-testnet.xml]
[2017-07-13 20:19:53 INFO ] [main] factory.xml.XmlBeanDefinitionReader - Loading XML bean definitions from URL [file:/D:/src/inchain/inchain-core/target/test-classes/applicationContext.xml]
[2017-07-13 20:19:53 INFO ] [main] context.support.GenericApplicationContext - Refreshing org.springframework.context.support.GenericApplicationContext@5bcab519: startup date [Thu Jul 13 20:19:53 CST 2017]; root of context hierarchy
[2017-07-13 20:19:54 INFO ] [main] inchain.net.NioClientManager - Server Started on port 8222
[2017-07-13 20:19:55 WARN ] [main] inchain.message.Block - the merkle hash is error b1c2936d7aa7059657ae8cb734e9de17caf595dc9e6f05979e4045bfb71461dc  !=  c7425886ae2cd832d4cb8954b38c56195eddfe6b48551a536f99c6abb59cdc99   blcok:Block [hash=70d11ef4edbf5927aa64c261d251709410d3b0572672fb6780eeeb30f431bbec, preHash=0000000000000000000000000000000000000000000000000000000000000000, merkleHash=b1c2936d7aa7059657ae8cb734e9de17caf595dc9e6f05979e4045bfb71461dc, time=1499688821, height=0, txCount=21, periodCount=0, timePeriod=0, periodStartPoint=1499688821]
org.inchain.core.exception.VerificationException: the merkle hash is error b1c2936d7aa7059657ae8cb734e9de17caf595dc9e6f05979e4045bfb71461dc  !=  c7425886ae2cd832d4cb8954b38c56195eddfe6b48551a536f99c6abb59cdc99   blcok:Block [hash=70d11ef4edbf5927aa64c261d251709410d3b0572672fb6780eeeb30f431bbec, preHash=0000000000000000000000000000000000000000000000000000000000000000, merkleHash=b1c2936d7aa7059657ae8cb734e9de17caf595dc9e6f05979e4045bfb71461dc, time=1499688821, height=0, txCount=21, periodCount=0, timePeriod=0, periodStartPoint=1499688821]
	at org.inchain.utils.Utils.checkState(Utils.java:328)
	at org.inchain.message.Block.buildMerkleHash(Block.java:109)
	at org.inchain.network.TestNetworkParams.getGengsisBlock(TestNetworkParams.java:57)
	at org.inchain.store.BlockStoreProvider.loadRelatedTransactions(BlockStoreProvider.java:1136)
	at org.inchain.store.TransactionStoreProvider.reloadTransaction(TransactionStoreProvider.java:406)
	at org.inchain.kits.AccountKit.maybeReLoadTransaction(AccountKit.java:2765)
	at org.inchain.kits.AccountKit.loadAccount(AccountKit.java:2721)
	at org.inchain.transaction.CertAccountRegisterTransactionTest.registerTest(CertAccountRegisterTransactionTest.java:51)
	at sun.reflect.NativeMethodAccessorImpl.invoke0(Native Method)
	at sun.reflect.NativeMethodAccessorImpl.invoke(NativeMethodAccessorImpl.java:62)
	at sun.reflect.DelegatingMethodAccessorImpl.invoke(DelegatingMethodAccessorImpl.java:43)
	at java.lang.reflect.Method.invoke(Method.java:498)
	at org.junit.runners.model.FrameworkMethod$1.runReflectiveCall(FrameworkMethod.java:50)
	at org.junit.internal.runners.model.ReflectiveCallable.run(ReflectiveCallable.java:12)
	at org.junit.runners.model.FrameworkMethod.invokeExplosively(FrameworkMethod.java:47)
	at org.junit.internal.runners.statements.InvokeMethod.evaluate(InvokeMethod.java:17)
	at org.springframework.test.context.junit4.statements.RunBeforeTestMethodCallbacks.evaluate(RunBeforeTestMethodCallbacks.java:75)
	at org.springframework.test.context.junit4.statements.RunAfterTestMethodCallbacks.evaluate(RunAfterTestMethodCallbacks.java:86)
	at org.springframework.test.context.junit4.statements.SpringRepeat.evaluate(SpringRepeat.java:84)
	at org.junit.runners.ParentRunner.runLeaf(ParentRunner.java:325)
	at org.springframework.test.context.junit4.SpringJUnit4ClassRunner.runChild(SpringJUnit4ClassRunner.java:252)
	at org.springframework.test.context.junit4.SpringJUnit4ClassRunner.runChild(SpringJUnit4ClassRunner.java:94)
	at org.junit.runners.ParentRunner$3.run(ParentRunner.java:290)
	at org.junit.runners.ParentRunner$1.schedule(ParentRunner.java:71)
	at org.junit.runners.ParentRunner.runChildren(ParentRunner.java:288)
	at org.junit.runners.ParentRunner.access$000(ParentRunner.java:58)
	at org.junit.runners.ParentRunner$2.evaluate(ParentRunner.java:268)
	at org.springframework.test.context.junit4.statements.RunBeforeTestClassCallbacks.evaluate(RunBeforeTestClassCallbacks.java:61)
	at org.springframework.test.context.junit4.statements.RunAfterTestClassCallbacks.evaluate(RunAfterTestClassCallbacks.java:70)
	at org.junit.runners.ParentRunner.run(ParentRunner.java:363)
	at org.springframework.test.context.junit4.SpringJUnit4ClassRunner.run(SpringJUnit4ClassRunner.java:191)
	at org.junit.runner.JUnitCore.run(JUnitCore.java:137)
	at com.intellij.junit4.JUnit4IdeaTestRunner.startRunnerWithArgs(JUnit4IdeaTestRunner.java:68)
	at com.intellij.rt.execution.junit.IdeaTestRunner$Repeater.startRunnerWithArgs(IdeaTestRunner.java:51)
	at com.intellij.rt.execution.junit.JUnitStarter.prepareStreamsAndStart(JUnitStarter.java:242)
	at com.intellij.rt.execution.junit.JUnitStarter.main(JUnitStarter.java:70)
[2017-07-13 20:19:55 INFO ] [Thread-5] context.support.GenericApplicationContext - Closing org.springframework.context.support.GenericApplicationContext@5bcab519: startup date [Thu Jul 13 20:19:53 CST 2017]; root of context hierarchy
[2017-07-13 20:21:29 INFO ] [main] context.support.DefaultTestContextBootstrapper - Could not instantiate TestExecutionListener [org.springframework.test.context.web.ServletTestExecutionListener]. Specify custom listener classes or make the default listener classes (and their required dependencies) available. Offending class: [javax/servlet/ServletContext]
[2017-07-13 20:21:29 INFO ] [main] context.support.DefaultTestContextBootstrapper - Using TestExecutionListeners: [org.springframework.test.context.support.DirtiesContextBeforeModesTestExecutionListener@6d8a00e3, org.springframework.test.context.support.DependencyInjectionTestExecutionListener@548b7f67, org.springframework.test.context.support.DirtiesContextTestExecutionListener@7ac7a4e4]
[2017-07-13 20:21:29 INFO ] [main] factory.xml.XmlBeanDefinitionReader - Loading XML bean definitions from URL [file:/D:/src/inchain/inchain-core/target/test-classes/applicationContext-testnet.xml]
[2017-07-13 20:21:29 INFO ] [main] factory.xml.XmlBeanDefinitionReader - Loading XML bean definitions from URL [file:/D:/src/inchain/inchain-core/target/test-classes/applicationContext.xml]
[2017-07-13 20:21:30 INFO ] [main] context.support.GenericApplicationContext - Refreshing org.springframework.context.support.GenericApplicationContext@5bcab519: startup date [Thu Jul 13 20:21:30 CST 2017]; root of context hierarchy
[2017-07-13 20:21:31 INFO ] [main] inchain.net.NioClientManager - Server Started on port 8222
[2017-07-13 20:21:32 ERROR] [main] inchain.kits.AccountKit - 初始化认证账户出错：null
java.lang.NullPointerException
	at org.inchain.kits.AccountKit.genAccountInfos(AccountKit.java:2282)
	at org.inchain.kits.AccountKit.createNewCertAccount(AccountKit.java:1874)
	at org.inchain.transaction.CertAccountRegisterTransactionTest.registerTest(CertAccountRegisterTransactionTest.java:68)
	at sun.reflect.NativeMethodAccessorImpl.invoke0(Native Method)
	at sun.reflect.NativeMethodAccessorImpl.invoke(NativeMethodAccessorImpl.java:62)
	at sun.reflect.DelegatingMethodAccessorImpl.invoke(DelegatingMethodAccessorImpl.java:43)
	at java.lang.reflect.Method.invoke(Method.java:498)
	at org.junit.runners.model.FrameworkMethod$1.runReflectiveCall(FrameworkMethod.java:50)
	at org.junit.internal.runners.model.ReflectiveCallable.run(ReflectiveCallable.java:12)
	at org.junit.runners.model.FrameworkMethod.invokeExplosively(FrameworkMethod.java:47)
	at org.junit.internal.runners.statements.InvokeMethod.evaluate(InvokeMethod.java:17)
	at org.springframework.test.context.junit4.statements.RunBeforeTestMethodCallbacks.evaluate(RunBeforeTestMethodCallbacks.java:75)
	at org.springframework.test.context.junit4.statements.RunAfterTestMethodCallbacks.evaluate(RunAfterTestMethodCallbacks.java:86)
	at org.springframework.test.context.junit4.statements.SpringRepeat.evaluate(SpringRepeat.java:84)
	at org.junit.runners.ParentRunner.runLeaf(ParentRunner.java:325)
	at org.springframework.test.context.junit4.SpringJUnit4ClassRunner.runChild(SpringJUnit4ClassRunner.java:252)
	at org.springframework.test.context.junit4.SpringJUnit4ClassRunner.runChild(SpringJUnit4ClassRunner.java:94)
	at org.junit.runners.ParentRunner$3.run(ParentRunner.java:290)
	at org.junit.runners.ParentRunner$1.schedule(ParentRunner.java:71)
	at org.junit.runners.ParentRunner.runChildren(ParentRunner.java:288)
	at org.junit.runners.ParentRunner.access$000(ParentRunner.java:58)
	at org.junit.runners.ParentRunner$2.evaluate(ParentRunner.java:268)
	at org.springframework.test.context.junit4.statements.RunBeforeTestClassCallbacks.evaluate(RunBeforeTestClassCallbacks.java:61)
	at org.springframework.test.context.junit4.statements.RunAfterTestClassCallbacks.evaluate(RunAfterTestClassCallbacks.java:70)
	at org.junit.runners.ParentRunner.run(ParentRunner.java:363)
	at org.springframework.test.context.junit4.SpringJUnit4ClassRunner.run(SpringJUnit4ClassRunner.java:191)
	at org.junit.runner.JUnitCore.run(JUnitCore.java:137)
	at com.intellij.junit4.JUnit4IdeaTestRunner.startRunnerWithArgs(JUnit4IdeaTestRunner.java:68)
	at com.intellij.rt.execution.junit.IdeaTestRunner$Repeater.startRunnerWithArgs(IdeaTestRunner.java:51)
	at com.intellij.rt.execution.junit.JUnitStarter.prepareStreamsAndStart(JUnitStarter.java:242)
	at com.intellij.rt.execution.junit.JUnitStarter.main(JUnitStarter.java:70)
[2017-07-13 20:21:32 INFO ] [Thread-5] context.support.GenericApplicationContext - Closing org.springframework.context.support.GenericApplicationContext@5bcab519: startup date [Thu Jul 13 20:21:30 CST 2017]; root of context hierarchy
[2017-07-13 20:22:17 INFO ] [main] context.support.DefaultTestContextBootstrapper - Could not instantiate TestExecutionListener [org.springframework.test.context.web.ServletTestExecutionListener]. Specify custom listener classes or make the default listener classes (and their required dependencies) available. Offending class: [javax/servlet/ServletContext]
[2017-07-13 20:22:17 INFO ] [main] context.support.DefaultTestContextBootstrapper - Using TestExecutionListeners: [org.springframework.test.context.support.DirtiesContextBeforeModesTestExecutionListener@6d8a00e3, org.springframework.test.context.support.DependencyInjectionTestExecutionListener@548b7f67, org.springframework.test.context.support.DirtiesContextTestExecutionListener@7ac7a4e4]
[2017-07-13 20:22:17 INFO ] [main] factory.xml.XmlBeanDefinitionReader - Loading XML bean definitions from URL [file:/D:/src/inchain/inchain-core/target/test-classes/applicationContext-testnet.xml]
[2017-07-13 20:22:17 INFO ] [main] factory.xml.XmlBeanDefinitionReader - Loading XML bean definitions from URL [file:/D:/src/inchain/inchain-core/target/test-classes/applicationContext.xml]
[2017-07-13 20:22:18 INFO ] [main] context.support.GenericApplicationContext - Refreshing org.springframework.context.support.GenericApplicationContext@5bcab519: startup date [Thu Jul 13 20:22:18 CST 2017]; root of context hierarchy
[2017-07-13 20:22:19 INFO ] [main] inchain.net.NioClientManager - Server Started on port 8222
[2017-07-13 20:22:19 INFO ] [Thread-5] context.support.GenericApplicationContext - Closing org.springframework.context.support.GenericApplicationContext@5bcab519: startup date [Thu Jul 13 20:22:18 CST 2017]; root of context hierarchy
[2017-07-13 20:23:02 INFO ] [main] context.support.DefaultTestContextBootstrapper - Could not instantiate TestExecutionListener [org.springframework.test.context.web.ServletTestExecutionListener]. Specify custom listener classes or make the default listener classes (and their required dependencies) available. Offending class: [javax/servlet/ServletContext]
[2017-07-13 20:23:02 INFO ] [main] context.support.DefaultTestContextBootstrapper - Using TestExecutionListeners: [org.springframework.test.context.support.DirtiesContextBeforeModesTestExecutionListener@6d8a00e3, org.springframework.test.context.support.DependencyInjectionTestExecutionListener@548b7f67, org.springframework.test.context.support.DirtiesContextTestExecutionListener@7ac7a4e4]
[2017-07-13 20:23:02 INFO ] [main] factory.xml.XmlBeanDefinitionReader - Loading XML bean definitions from URL [file:/D:/src/inchain/inchain-core/target/test-classes/applicationContext-testnet.xml]
[2017-07-13 20:23:02 INFO ] [main] factory.xml.XmlBeanDefinitionReader - Loading XML bean definitions from URL [file:/D:/src/inchain/inchain-core/target/test-classes/applicationContext.xml]
[2017-07-13 20:23:02 INFO ] [main] context.support.GenericApplicationContext - Refreshing org.springframework.context.support.GenericApplicationContext@5bcab519: startup date [Thu Jul 13 20:23:02 CST 2017]; root of context hierarchy
[2017-07-13 20:23:04 INFO ] [main] inchain.net.NioClientManager - Server Started on port 8222
[2017-07-13 20:23:04 ERROR] [main] inchain.kits.AccountKit - 初始化认证账户出错：没有权限生成认证账户
org.inchain.core.exception.VerificationException: 没有权限生成认证账户
	at org.inchain.kits.AccountKit.genAccountInfos(AccountKit.java:2200)
	at org.inchain.kits.AccountKit.createNewCertAccount(AccountKit.java:1874)
	at org.inchain.transaction.CertAccountRegisterTransactionTest.registerTest(CertAccountRegisterTransactionTest.java:68)
	at sun.reflect.NativeMethodAccessorImpl.invoke0(Native Method)
	at sun.reflect.NativeMethodAccessorImpl.invoke(NativeMethodAccessorImpl.java:62)
	at sun.reflect.DelegatingMethodAccessorImpl.invoke(DelegatingMethodAccessorImpl.java:43)
	at java.lang.reflect.Method.invoke(Method.java:498)
	at org.junit.runners.model.FrameworkMethod$1.runReflectiveCall(FrameworkMethod.java:50)
	at org.junit.internal.runners.model.ReflectiveCallable.run(ReflectiveCallable.java:12)
	at org.junit.runners.model.FrameworkMethod.invokeExplosively(FrameworkMethod.java:47)
	at org.junit.internal.runners.statements.InvokeMethod.evaluate(InvokeMethod.java:17)
	at org.springframework.test.context.junit4.statements.RunBeforeTestMethodCallbacks.evaluate(RunBeforeTestMethodCallbacks.java:75)
	at org.springframework.test.context.junit4.statements.RunAfterTestMethodCallbacks.evaluate(RunAfterTestMethodCallbacks.java:86)
	at org.springframework.test.context.junit4.statements.SpringRepeat.evaluate(SpringRepeat.java:84)
	at org.junit.runners.ParentRunner.runLeaf(ParentRunner.java:325)
	at org.springframework.test.context.junit4.SpringJUnit4ClassRunner.runChild(SpringJUnit4ClassRunner.java:252)
	at org.springframework.test.context.junit4.SpringJUnit4ClassRunner.runChild(SpringJUnit4ClassRunner.java:94)
	at org.junit.runners.ParentRunner$3.run(ParentRunner.java:290)
	at org.junit.runners.ParentRunner$1.schedule(ParentRunner.java:71)
	at org.junit.runners.ParentRunner.runChildren(ParentRunner.java:288)
	at org.junit.runners.ParentRunner.access$000(ParentRunner.java:58)
	at org.junit.runners.ParentRunner$2.evaluate(ParentRunner.java:268)
	at org.springframework.test.context.junit4.statements.RunBeforeTestClassCallbacks.evaluate(RunBeforeTestClassCallbacks.java:61)
	at org.springframework.test.context.junit4.statements.RunAfterTestClassCallbacks.evaluate(RunAfterTestClassCallbacks.java:70)
	at org.junit.runners.ParentRunner.run(ParentRunner.java:363)
	at org.springframework.test.context.junit4.SpringJUnit4ClassRunner.run(SpringJUnit4ClassRunner.java:191)
	at org.junit.runner.JUnitCore.run(JUnitCore.java:137)
	at com.intellij.junit4.JUnit4IdeaTestRunner.startRunnerWithArgs(JUnit4IdeaTestRunner.java:68)
	at com.intellij.rt.execution.junit.IdeaTestRunner$Repeater.startRunnerWithArgs(IdeaTestRunner.java:51)
	at com.intellij.rt.execution.junit.JUnitStarter.prepareStreamsAndStart(JUnitStarter.java:242)
	at com.intellij.rt.execution.junit.JUnitStarter.main(JUnitStarter.java:70)
[2017-07-13 20:23:04 INFO ] [Thread-5] context.support.GenericApplicationContext - Closing org.springframework.context.support.GenericApplicationContext@5bcab519: startup date [Thu Jul 13 20:23:02 CST 2017]; root of context hierarchy
[2017-07-13 20:24:08 INFO ] [main] context.support.DefaultTestContextBootstrapper - Could not instantiate TestExecutionListener [org.springframework.test.context.web.ServletTestExecutionListener]. Specify custom listener classes or make the default listener classes (and their required dependencies) available. Offending class: [javax/servlet/ServletContext]
[2017-07-13 20:24:08 INFO ] [main] context.support.DefaultTestContextBootstrapper - Using TestExecutionListeners: [org.springframework.test.context.support.DirtiesContextBeforeModesTestExecutionListener@6d8a00e3, org.springframework.test.context.support.DependencyInjectionTestExecutionListener@548b7f67, org.springframework.test.context.support.DirtiesContextTestExecutionListener@7ac7a4e4]
[2017-07-13 20:24:08 INFO ] [main] factory.xml.XmlBeanDefinitionReader - Loading XML bean definitions from URL [file:/D:/src/inchain/inchain-core/target/test-classes/applicationContext-testnet.xml]
[2017-07-13 20:24:08 INFO ] [main] factory.xml.XmlBeanDefinitionReader - Loading XML bean definitions from URL [file:/D:/src/inchain/inchain-core/target/test-classes/applicationContext.xml]
[2017-07-13 20:24:08 INFO ] [main] context.support.GenericApplicationContext - Refreshing org.springframework.context.support.GenericApplicationContext@5bcab519: startup date [Thu Jul 13 20:24:08 CST 2017]; root of context hierarchy
[2017-07-13 20:24:10 INFO ] [main] inchain.net.NioClientManager - Server Started on port 8222
[2017-07-13 20:24:10 ERROR] [main] inchain.kits.AccountKit - 初始化认证账户出错：缺少签名信息
org.inchain.core.exception.VerificationException: 缺少签名信息
	at org.inchain.transaction.business.CertAccountTransaction.verify(CertAccountTransaction.java:65)
	at org.inchain.transaction.business.CertAccountRegisterTransaction.verify(CertAccountRegisterTransaction.java:140)
	at org.inchain.kits.AccountKit.genAccountInfos(AccountKit.java:2284)
	at org.inchain.kits.AccountKit.createNewCertAccount(AccountKit.java:1874)
	at org.inchain.transaction.CertAccountRegisterTransactionTest.registerTest(CertAccountRegisterTransactionTest.java:68)
	at sun.reflect.NativeMethodAccessorImpl.invoke0(Native Method)
	at sun.reflect.NativeMethodAccessorImpl.invoke(NativeMethodAccessorImpl.java:62)
	at sun.reflect.DelegatingMethodAccessorImpl.invoke(DelegatingMethodAccessorImpl.java:43)
	at java.lang.reflect.Method.invoke(Method.java:498)
	at org.junit.runners.model.FrameworkMethod$1.runReflectiveCall(FrameworkMethod.java:50)
	at org.junit.internal.runners.model.ReflectiveCallable.run(ReflectiveCallable.java:12)
	at org.junit.runners.model.FrameworkMethod.invokeExplosively(FrameworkMethod.java:47)
	at org.junit.internal.runners.statements.InvokeMethod.evaluate(InvokeMethod.java:17)
	at org.springframework.test.context.junit4.statements.RunBeforeTestMethodCallbacks.evaluate(RunBeforeTestMethodCallbacks.java:75)
	at org.springframework.test.context.junit4.statements.RunAfterTestMethodCallbacks.evaluate(RunAfterTestMethodCallbacks.java:86)
	at org.springframework.test.context.junit4.statements.SpringRepeat.evaluate(SpringRepeat.java:84)
	at org.junit.runners.ParentRunner.runLeaf(ParentRunner.java:325)
	at org.springframework.test.context.junit4.SpringJUnit4ClassRunner.runChild(SpringJUnit4ClassRunner.java:252)
	at org.springframework.test.context.junit4.SpringJUnit4ClassRunner.runChild(SpringJUnit4ClassRunner.java:94)
	at org.junit.runners.ParentRunner$3.run(ParentRunner.java:290)
	at org.junit.runners.ParentRunner$1.schedule(ParentRunner.java:71)
	at org.junit.runners.ParentRunner.runChildren(ParentRunner.java:288)
	at org.junit.runners.ParentRunner.access$000(ParentRunner.java:58)
	at org.junit.runners.ParentRunner$2.evaluate(ParentRunner.java:268)
	at org.springframework.test.context.junit4.statements.RunBeforeTestClassCallbacks.evaluate(RunBeforeTestClassCallbacks.java:61)
	at org.springframework.test.context.junit4.statements.RunAfterTestClassCallbacks.evaluate(RunAfterTestClassCallbacks.java:70)
	at org.junit.runners.ParentRunner.run(ParentRunner.java:363)
	at org.springframework.test.context.junit4.SpringJUnit4ClassRunner.run(SpringJUnit4ClassRunner.java:191)
	at org.junit.runner.JUnitCore.run(JUnitCore.java:137)
	at com.intellij.junit4.JUnit4IdeaTestRunner.startRunnerWithArgs(JUnit4IdeaTestRunner.java:68)
	at com.intellij.rt.execution.junit.IdeaTestRunner$Repeater.startRunnerWithArgs(IdeaTestRunner.java:51)
	at com.intellij.rt.execution.junit.JUnitStarter.prepareStreamsAndStart(JUnitStarter.java:242)
	at com.intellij.rt.execution.junit.JUnitStarter.main(JUnitStarter.java:70)
[2017-07-13 20:24:10 INFO ] [Thread-5] context.support.GenericApplicationContext - Closing org.springframework.context.support.GenericApplicationContext@5bcab519: startup date [Thu Jul 13 20:24:08 CST 2017]; root of context hierarchy
[2017-07-13 20:25:09 INFO ] [main] context.support.DefaultTestContextBootstrapper - Could not instantiate TestExecutionListener [org.springframework.test.context.web.ServletTestExecutionListener]. Specify custom listener classes or make the default listener classes (and their required dependencies) available. Offending class: [javax/servlet/ServletContext]
[2017-07-13 20:25:09 INFO ] [main] context.support.DefaultTestContextBootstrapper - Using TestExecutionListeners: [org.springframework.test.context.support.DirtiesContextBeforeModesTestExecutionListener@6d8a00e3, org.springframework.test.context.support.DependencyInjectionTestExecutionListener@548b7f67, org.springframework.test.context.support.DirtiesContextTestExecutionListener@7ac7a4e4]
[2017-07-13 20:25:09 INFO ] [main] factory.xml.XmlBeanDefinitionReader - Loading XML bean definitions from URL [file:/D:/src/inchain/inchain-core/target/test-classes/applicationContext-testnet.xml]
[2017-07-13 20:25:10 INFO ] [main] factory.xml.XmlBeanDefinitionReader - Loading XML bean definitions from URL [file:/D:/src/inchain/inchain-core/target/test-classes/applicationContext.xml]
[2017-07-13 20:25:10 INFO ] [main] context.support.GenericApplicationContext - Refreshing org.springframework.context.support.GenericApplicationContext@5bcab519: startup date [Thu Jul 13 20:25:10 CST 2017]; root of context hierarchy
[2017-07-13 20:25:12 INFO ] [main] inchain.net.NioClientManager - Server Started on port 8222
[2017-07-13 20:25:12 ERROR] [main] inchain.kits.AccountKit - 初始化认证账户出错：null
java.lang.NullPointerException
	at org.inchain.kits.AccountKit.genAccountInfos(AccountKit.java:2282)
	at org.inchain.kits.AccountKit.createNewCertAccount(AccountKit.java:1874)
	at org.inchain.transaction.CertAccountRegisterTransactionTest.registerTest(CertAccountRegisterTransactionTest.java:68)
	at sun.reflect.NativeMethodAccessorImpl.invoke0(Native Method)
	at sun.reflect.NativeMethodAccessorImpl.invoke(NativeMethodAccessorImpl.java:62)
	at sun.reflect.DelegatingMethodAccessorImpl.invoke(DelegatingMethodAccessorImpl.java:43)
	at java.lang.reflect.Method.invoke(Method.java:498)
	at org.junit.runners.model.FrameworkMethod$1.runReflectiveCall(FrameworkMethod.java:50)
	at org.junit.internal.runners.model.ReflectiveCallable.run(ReflectiveCallable.java:12)
	at org.junit.runners.model.FrameworkMethod.invokeExplosively(FrameworkMethod.java:47)
	at org.junit.internal.runners.statements.InvokeMethod.evaluate(InvokeMethod.java:17)
	at org.springframework.test.context.junit4.statements.RunBeforeTestMethodCallbacks.evaluate(RunBeforeTestMethodCallbacks.java:75)
	at org.springframework.test.context.junit4.statements.RunAfterTestMethodCallbacks.evaluate(RunAfterTestMethodCallbacks.java:86)
	at org.springframework.test.context.junit4.statements.SpringRepeat.evaluate(SpringRepeat.java:84)
	at org.junit.runners.ParentRunner.runLeaf(ParentRunner.java:325)
	at org.springframework.test.context.junit4.SpringJUnit4ClassRunner.runChild(SpringJUnit4ClassRunner.java:252)
	at org.springframework.test.context.junit4.SpringJUnit4ClassRunner.runChild(SpringJUnit4ClassRunner.java:94)
	at org.junit.runners.ParentRunner$3.run(ParentRunner.java:290)
	at org.junit.runners.ParentRunner$1.schedule(ParentRunner.java:71)
	at org.junit.runners.ParentRunner.runChildren(ParentRunner.java:288)
	at org.junit.runners.ParentRunner.access$000(ParentRunner.java:58)
	at org.junit.runners.ParentRunner$2.evaluate(ParentRunner.java:268)
	at org.springframework.test.context.junit4.statements.RunBeforeTestClassCallbacks.evaluate(RunBeforeTestClassCallbacks.java:61)
	at org.springframework.test.context.junit4.statements.RunAfterTestClassCallbacks.evaluate(RunAfterTestClassCallbacks.java:70)
	at org.junit.runners.ParentRunner.run(ParentRunner.java:363)
	at org.springframework.test.context.junit4.SpringJUnit4ClassRunner.run(SpringJUnit4ClassRunner.java:191)
	at org.junit.runner.JUnitCore.run(JUnitCore.java:137)
	at com.intellij.junit4.JUnit4IdeaTestRunner.startRunnerWithArgs(JUnit4IdeaTestRunner.java:68)
	at com.intellij.rt.execution.junit.IdeaTestRunner$Repeater.startRunnerWithArgs(IdeaTestRunner.java:51)
	at com.intellij.rt.execution.junit.JUnitStarter.prepareStreamsAndStart(JUnitStarter.java:242)
	at com.intellij.rt.execution.junit.JUnitStarter.main(JUnitStarter.java:70)
[2017-07-13 20:25:12 INFO ] [Thread-5] context.support.GenericApplicationContext - Closing org.springframework.context.support.GenericApplicationContext@5bcab519: startup date [Thu Jul 13 20:25:10 CST 2017]; root of context hierarchy
[2017-07-13 20:26:31 INFO ] [main] context.support.DefaultTestContextBootstrapper - Could not instantiate TestExecutionListener [org.springframework.test.context.web.ServletTestExecutionListener]. Specify custom listener classes or make the default listener classes (and their required dependencies) available. Offending class: [javax/servlet/ServletContext]
[2017-07-13 20:26:31 INFO ] [main] context.support.DefaultTestContextBootstrapper - Using TestExecutionListeners: [org.springframework.test.context.support.DirtiesContextBeforeModesTestExecutionListener@6d8a00e3, org.springframework.test.context.support.DependencyInjectionTestExecutionListener@548b7f67, org.springframework.test.context.support.DirtiesContextTestExecutionListener@7ac7a4e4]
[2017-07-13 20:26:31 INFO ] [main] factory.xml.XmlBeanDefinitionReader - Loading XML bean definitions from URL [file:/D:/src/inchain/inchain-core/target/test-classes/applicationContext-testnet.xml]
[2017-07-13 20:26:31 INFO ] [main] factory.xml.XmlBeanDefinitionReader - Loading XML bean definitions from URL [file:/D:/src/inchain/inchain-core/target/test-classes/applicationContext.xml]
[2017-07-13 20:26:31 INFO ] [main] context.support.GenericApplicationContext - Refreshing org.springframework.context.support.GenericApplicationContext@5bcab519: startup date [Thu Jul 13 20:26:31 CST 2017]; root of context hierarchy
[2017-07-13 20:26:32 INFO ] [main] inchain.net.NioClientManager - Server Started on port 8222
[2017-07-13 20:26:33 ERROR] [main] inchain.kits.AccountKit - 初始化认证账户出错：引用了错误的账户
org.inchain.core.exception.ScriptException: 引用了错误的账户
	at org.inchain.script.Script.executeScript(Script.java:1340)
	at org.inchain.script.Script.runVerify(Script.java:1181)
	at org.inchain.transaction.business.BaseCommonlyTransaction.verfifyCommonScript(BaseCommonlyTransaction.java:97)
	at org.inchain.transaction.business.CommonlyTransaction.verifyScript(CommonlyTransaction.java:37)
	at org.inchain.transaction.business.CertAccountTransaction.verifyScript(CertAccountTransaction.java:74)
	at org.inchain.kits.AccountKit.genAccountInfos(AccountKit.java:2286)
	at org.inchain.kits.AccountKit.createNewCertAccount(AccountKit.java:1874)
	at org.inchain.transaction.CertAccountRegisterTransactionTest.registerTest(CertAccountRegisterTransactionTest.java:68)
	at sun.reflect.NativeMethodAccessorImpl.invoke0(Native Method)
	at sun.reflect.NativeMethodAccessorImpl.invoke(NativeMethodAccessorImpl.java:62)
	at sun.reflect.DelegatingMethodAccessorImpl.invoke(DelegatingMethodAccessorImpl.java:43)
	at java.lang.reflect.Method.invoke(Method.java:498)
	at org.junit.runners.model.FrameworkMethod$1.runReflectiveCall(FrameworkMethod.java:50)
	at org.junit.internal.runners.model.ReflectiveCallable.run(ReflectiveCallable.java:12)
	at org.junit.runners.model.FrameworkMethod.invokeExplosively(FrameworkMethod.java:47)
	at org.junit.internal.runners.statements.InvokeMethod.evaluate(InvokeMethod.java:17)
	at org.springframework.test.context.junit4.statements.RunBeforeTestMethodCallbacks.evaluate(RunBeforeTestMethodCallbacks.java:75)
	at org.springframework.test.context.junit4.statements.RunAfterTestMethodCallbacks.evaluate(RunAfterTestMethodCallbacks.java:86)
	at org.springframework.test.context.junit4.statements.SpringRepeat.evaluate(SpringRepeat.java:84)
	at org.junit.runners.ParentRunner.runLeaf(ParentRunner.java:325)
	at org.springframework.test.context.junit4.SpringJUnit4ClassRunner.runChild(SpringJUnit4ClassRunner.java:252)
	at org.springframework.test.context.junit4.SpringJUnit4ClassRunner.runChild(SpringJUnit4ClassRunner.java:94)
	at org.junit.runners.ParentRunner$3.run(ParentRunner.java:290)
	at org.junit.runners.ParentRunner$1.schedule(ParentRunner.java:71)
	at org.junit.runners.ParentRunner.runChildren(ParentRunner.java:288)
	at org.junit.runners.ParentRunner.access$000(ParentRunner.java:58)
	at org.junit.runners.ParentRunner$2.evaluate(ParentRunner.java:268)
	at org.springframework.test.context.junit4.statements.RunBeforeTestClassCallbacks.evaluate(RunBeforeTestClassCallbacks.java:61)
	at org.springframework.test.context.junit4.statements.RunAfterTestClassCallbacks.evaluate(RunAfterTestClassCallbacks.java:70)
	at org.junit.runners.ParentRunner.run(ParentRunner.java:363)
	at org.springframework.test.context.junit4.SpringJUnit4ClassRunner.run(SpringJUnit4ClassRunner.java:191)
	at org.junit.runner.JUnitCore.run(JUnitCore.java:137)
	at com.intellij.junit4.JUnit4IdeaTestRunner.startRunnerWithArgs(JUnit4IdeaTestRunner.java:68)
	at com.intellij.rt.execution.junit.IdeaTestRunner$Repeater.startRunnerWithArgs(IdeaTestRunner.java:51)
	at com.intellij.rt.execution.junit.JUnitStarter.prepareStreamsAndStart(JUnitStarter.java:242)
	at com.intellij.rt.execution.junit.JUnitStarter.main(JUnitStarter.java:70)
[2017-07-13 20:26:33 INFO ] [Thread-5] context.support.GenericApplicationContext - Closing org.springframework.context.support.GenericApplicationContext@5bcab519: startup date [Thu Jul 13 20:26:31 CST 2017]; root of context hierarchy
[2017-07-13 20:27:01 INFO ] [main] context.support.DefaultTestContextBootstrapper - Could not instantiate TestExecutionListener [org.springframework.test.context.web.ServletTestExecutionListener]. Specify custom listener classes or make the default listener classes (and their required dependencies) available. Offending class: [javax/servlet/ServletContext]
[2017-07-13 20:27:01 INFO ] [main] context.support.DefaultTestContextBootstrapper - Using TestExecutionListeners: [org.springframework.test.context.support.DirtiesContextBeforeModesTestExecutionListener@6d8a00e3, org.springframework.test.context.support.DependencyInjectionTestExecutionListener@548b7f67, org.springframework.test.context.support.DirtiesContextTestExecutionListener@7ac7a4e4]
[2017-07-13 20:27:01 INFO ] [main] factory.xml.XmlBeanDefinitionReader - Loading XML bean definitions from URL [file:/D:/src/inchain/inchain-core/target/test-classes/applicationContext-testnet.xml]
[2017-07-13 20:27:01 INFO ] [main] factory.xml.XmlBeanDefinitionReader - Loading XML bean definitions from URL [file:/D:/src/inchain/inchain-core/target/test-classes/applicationContext.xml]
[2017-07-13 20:27:02 INFO ] [main] context.support.GenericApplicationContext - Refreshing org.springframework.context.support.GenericApplicationContext@5bcab519: startup date [Thu Jul 13 20:27:02 CST 2017]; root of context hierarchy
[2017-07-13 20:27:03 INFO ] [main] inchain.net.NioClientManager - Server Started on port 8222
[2017-07-13 20:27:03 ERROR] [main] inchain.kits.AccountKit - 初始化认证账户出错：引用了错误的账户
org.inchain.core.exception.ScriptException: 引用了错误的账户
	at org.inchain.script.Script.executeScript(Script.java:1340)
	at org.inchain.script.Script.runVerify(Script.java:1181)
	at org.inchain.transaction.business.BaseCommonlyTransaction.verfifyCommonScript(BaseCommonlyTransaction.java:97)
	at org.inchain.transaction.business.CommonlyTransaction.verifyScript(CommonlyTransaction.java:37)
	at org.inchain.transaction.business.CertAccountTransaction.verifyScript(CertAccountTransaction.java:74)
	at org.inchain.kits.AccountKit.genAccountInfos(AccountKit.java:2286)
	at org.inchain.kits.AccountKit.createNewCertAccount(AccountKit.java:1874)
	at org.inchain.transaction.CertAccountRegisterTransactionTest.registerTest(CertAccountRegisterTransactionTest.java:68)
	at sun.reflect.NativeMethodAccessorImpl.invoke0(Native Method)
	at sun.reflect.NativeMethodAccessorImpl.invoke(NativeMethodAccessorImpl.java:62)
	at sun.reflect.DelegatingMethodAccessorImpl.invoke(DelegatingMethodAccessorImpl.java:43)
	at java.lang.reflect.Method.invoke(Method.java:498)
	at org.junit.runners.model.FrameworkMethod$1.runReflectiveCall(FrameworkMethod.java:50)
	at org.junit.internal.runners.model.ReflectiveCallable.run(ReflectiveCallable.java:12)
	at org.junit.runners.model.FrameworkMethod.invokeExplosively(FrameworkMethod.java:47)
	at org.junit.internal.runners.statements.InvokeMethod.evaluate(InvokeMethod.java:17)
	at org.springframework.test.context.junit4.statements.RunBeforeTestMethodCallbacks.evaluate(RunBeforeTestMethodCallbacks.java:75)
	at org.springframework.test.context.junit4.statements.RunAfterTestMethodCallbacks.evaluate(RunAfterTestMethodCallbacks.java:86)
	at org.springframework.test.context.junit4.statements.SpringRepeat.evaluate(SpringRepeat.java:84)
	at org.junit.runners.ParentRunner.runLeaf(ParentRunner.java:325)
	at org.springframework.test.context.junit4.SpringJUnit4ClassRunner.runChild(SpringJUnit4ClassRunner.java:252)
	at org.springframework.test.context.junit4.SpringJUnit4ClassRunner.runChild(SpringJUnit4ClassRunner.java:94)
	at org.junit.runners.ParentRunner$3.run(ParentRunner.java:290)
	at org.junit.runners.ParentRunner$1.schedule(ParentRunner.java:71)
	at org.junit.runners.ParentRunner.runChildren(ParentRunner.java:288)
	at org.junit.runners.ParentRunner.access$000(ParentRunner.java:58)
	at org.junit.runners.ParentRunner$2.evaluate(ParentRunner.java:268)
	at org.springframework.test.context.junit4.statements.RunBeforeTestClassCallbacks.evaluate(RunBeforeTestClassCallbacks.java:61)
	at org.springframework.test.context.junit4.statements.RunAfterTestClassCallbacks.evaluate(RunAfterTestClassCallbacks.java:70)
	at org.junit.runners.ParentRunner.run(ParentRunner.java:363)
	at org.springframework.test.context.junit4.SpringJUnit4ClassRunner.run(SpringJUnit4ClassRunner.java:191)
	at org.junit.runner.JUnitCore.run(JUnitCore.java:137)
	at com.intellij.junit4.JUnit4IdeaTestRunner.startRunnerWithArgs(JUnit4IdeaTestRunner.java:68)
	at com.intellij.rt.execution.junit.IdeaTestRunner$Repeater.startRunnerWithArgs(IdeaTestRunner.java:51)
	at com.intellij.rt.execution.junit.JUnitStarter.prepareStreamsAndStart(JUnitStarter.java:242)
	at com.intellij.rt.execution.junit.JUnitStarter.main(JUnitStarter.java:70)
[2017-07-13 20:27:03 INFO ] [Thread-5] context.support.GenericApplicationContext - Closing org.springframework.context.support.GenericApplicationContext@5bcab519: startup date [Thu Jul 13 20:27:02 CST 2017]; root of context hierarchy
[2017-07-13 20:27:45 INFO ] [main] context.support.DefaultTestContextBootstrapper - Could not instantiate TestExecutionListener [org.springframework.test.context.web.ServletTestExecutionListener]. Specify custom listener classes or make the default listener classes (and their required dependencies) available. Offending class: [javax/servlet/ServletContext]
[2017-07-13 20:27:45 INFO ] [main] context.support.DefaultTestContextBootstrapper - Using TestExecutionListeners: [org.springframework.test.context.support.DirtiesContextBeforeModesTestExecutionListener@6d8a00e3, org.springframework.test.context.support.DependencyInjectionTestExecutionListener@548b7f67, org.springframework.test.context.support.DirtiesContextTestExecutionListener@7ac7a4e4]
[2017-07-13 20:27:45 INFO ] [main] factory.xml.XmlBeanDefinitionReader - Loading XML bean definitions from URL [file:/D:/src/inchain/inchain-core/target/test-classes/applicationContext-testnet.xml]
[2017-07-13 20:27:45 INFO ] [main] factory.xml.XmlBeanDefinitionReader - Loading XML bean definitions from URL [file:/D:/src/inchain/inchain-core/target/test-classes/applicationContext.xml]
[2017-07-13 20:27:46 INFO ] [main] context.support.GenericApplicationContext - Refreshing org.springframework.context.support.GenericApplicationContext@5bcab519: startup date [Thu Jul 13 20:27:46 CST 2017]; root of context hierarchy
[2017-07-13 20:27:47 INFO ] [main] inchain.net.NioClientManager - Server Started on port 8222
[2017-07-13 20:27:47 WARN ] [main] inchain.core.BroadcasterComponent - 广播消息失败，没有可广播的节点
[2017-07-13 20:27:47 INFO ] [Thread-5] context.support.GenericApplicationContext - Closing org.springframework.context.support.GenericApplicationContext@5bcab519: startup date [Thu Jul 13 20:27:46 CST 2017]; root of context hierarchy
[2017-07-13 20:29:48 INFO ] [main] context.support.ClassPathXmlApplicationContext - Refreshing org.springframework.context.support.ClassPathXmlApplicationContext@5e91993f: startup date [Thu Jul 13 20:29:48 CST 2017]; root of context hierarchy
[2017-07-13 20:29:48 INFO ] [main] factory.xml.XmlBeanDefinitionReader - Loading XML bean definitions from class path resource [applicationContext-testnet.xml]
[2017-07-13 20:29:48 INFO ] [main] factory.xml.XmlBeanDefinitionReader - Loading XML bean definitions from class path resource [applicationContext.xml]
[2017-07-13 20:29:49 INFO ] [main] inchain.net.NioClientManager - Server Started on port 8222
[2017-07-13 20:29:50 INFO ] [main] context.support.ClassPathXmlApplicationContext - Closing org.springframework.context.support.ClassPathXmlApplicationContext@5e91993f: startup date [Thu Jul 13 20:29:48 CST 2017]; root of context hierarchy
